This file contains any messages produced by compilers while
running configure, to aid debugging if configure makes a mistake.

It was created by configure, which was
generated by GNU Autoconf 2.57.  Invocation command line was

  $ ./configure 

## --------- ##
## Platform. ##
## --------- ##

hostname = Centauri.local
uname -m = i386
uname -r = 8.11.1
uname -s = Darwin
uname -v = Darwin Kernel Version 8.11.1: Wed Oct 10 18:23:28 PDT 2007; root:xnu-792.25.20~1/RELEASE_I386

/usr/bin/uname -p = i386
/bin/uname -X     = unknown

/bin/arch              = unknown
/usr/bin/arch -k       = unknown
/usr/convex/getsysinfo = unknown
hostinfo               = Mach kernel version:
	 Darwin Kernel Version 8.11.1: Wed Oct 10 18:23:28 PDT 2007; root:xnu-792.25.20~1/RELEASE_I386
Kernel configured for up to 2 processors.
2 processors are physically available.
2 processors are logically available.
Processor type: i486 (Intel 80486)
Processors active: 0 1
Primary memory available: 1.00 gigabytes
Default processor set: 83 tasks, 283 threads, 2 processors
Load average: 0.92, Mach factor: 1.07
/bin/machine           = unknown
/usr/bin/oslevel       = unknown
/bin/universe          = unknown

PATH: /opt/local/bin
PATH: /opt/local/sbin
PATH: /sw/bin
PATH: /sw/sbin
PATH: /usr/local/bin
PATH: /bin
PATH: /sbin
PATH: /usr/bin
PATH: /usr/sbin
PATH: /usr/local/teTeX/bin/i386-apple-darwin-current
PATH: /usr/X11R6/bin


## ----------- ##
## Core tests. ##
## ----------- ##

configure:1506: checking for a BSD-compatible install
configure:1560: result: /usr/bin/install -c
configure:1571: checking whether build environment is sane
configure:1614: result: yes
configure:1639: WARNING: `missing' script is too old or missing
configure:1647: checking for gawk
configure:1676: result: no
configure:1647: checking for mawk
configure:1676: result: no
configure:1647: checking for nawk
configure:1676: result: no
configure:1647: checking for awk
configure:1663: found /usr/bin/awk
configure:1673: result: awk
configure:1683: checking whether make sets $(MAKE)
configure:1703: result: yes
configure:1930: checking for gcc
configure:1946: found /usr/bin/gcc
configure:1956: result: gcc
configure:2200: checking for C compiler version
configure:2203: gcc --version </dev/null >&5
i686-apple-darwin8-gcc-4.0.1 (GCC) 4.0.1 (Apple Computer, Inc. build 5363)
Copyright (C) 2005 Free Software Foundation, Inc.
This is free software; see the source for copying conditions.  There is NO
warranty; not even for MERCHANTABILITY or FITNESS FOR A PARTICULAR PURPOSE.

configure:2206: $? = 0
configure:2208: gcc -v </dev/null >&5
Using built-in specs.
Target: i686-apple-darwin8
Configured with: /private/var/tmp/gcc/gcc-5363.obj~28/src/configure --disable-checking -enable-werror --prefix=/usr --mandir=/share/man --enable-languages=c,objc,c++,obj-c++ --program-transform-name=/^[cg][^.-]*$/s/$/-4.0/ --with-gxx-include-dir=/include/c++/4.0.0 --with-slibdir=/usr/lib --build=powerpc-apple-darwin8 --with-arch=nocona --with-tune=generic --program-prefix= --host=i686-apple-darwin8 --target=i686-apple-darwin8
Thread model: posix
gcc version 4.0.1 (Apple Computer, Inc. build 5363)
configure:2211: $? = 0
configure:2213: gcc -V </dev/null >&5
gcc: argument to `-V' is missing
configure:2216: $? = 1
configure:2240: checking for C compiler default output
configure:2243: gcc    conftest.c  >&5
configure:2246: $? = 0
configure:2292: result: a.out
configure:2297: checking whether the C compiler works
configure:2303: ./a.out
configure:2306: $? = 0
configure:2323: result: yes
configure:2330: checking whether we are cross compiling
configure:2332: result: no
configure:2335: checking for suffix of executables
configure:2337: gcc -o conftest    conftest.c  >&5
configure:2340: $? = 0
configure:2365: result: 
configure:2371: checking for suffix of object files
configure:2393: gcc -c   conftest.c >&5
configure:2396: $? = 0
configure:2418: result: o
configure:2422: checking whether we are using the GNU C compiler
configure:2447: gcc -c   conftest.c >&5
configure:2450: $? = 0
configure:2453: test -s conftest.o
configure:2456: $? = 0
configure:2469: result: yes
configure:2475: checking whether gcc accepts -g
configure:2497: gcc -c -g  conftest.c >&5
configure:2500: $? = 0
configure:2503: test -s conftest.o
configure:2506: $? = 0
configure:2517: result: yes
configure:2534: checking for gcc option to accept ANSI C
configure:2595: gcc  -c -g -O2  conftest.c >&5
configure:2598: $? = 0
configure:2601: test -s conftest.o
configure:2604: $? = 0
configure:2622: result: none needed
configure:2640: gcc -c -g -O2  conftest.c >&5
conftest.c:2: error: parse error before 'me'
configure:2643: $? = 1
configure: failed program was:
| #ifndef __cplusplus
|   choke me
| #endif
configure:2762: checking for style of include used by make
configure:2790: result: GNU
configure:2818: checking dependency style of gcc
configure:2901: result: gcc3
configure:2970: checking for g++
configure:2986: found /usr/bin/g++
configure:2996: result: g++
configure:3012: checking for C++ compiler version
configure:3015: g++ --version </dev/null >&5
i686-apple-darwin8-g++-4.0.1 (GCC) 4.0.1 (Apple Computer, Inc. build 5363)
Copyright (C) 2005 Free Software Foundation, Inc.
This is free software; see the source for copying conditions.  There is NO
warranty; not even for MERCHANTABILITY or FITNESS FOR A PARTICULAR PURPOSE.

configure:3018: $? = 0
configure:3020: g++ -v </dev/null >&5
Using built-in specs.
Target: i686-apple-darwin8
Configured with: /private/var/tmp/gcc/gcc-5363.obj~28/src/configure --disable-checking -enable-werror --prefix=/usr --mandir=/share/man --enable-languages=c,objc,c++,obj-c++ --program-transform-name=/^[cg][^.-]*$/s/$/-4.0/ --with-gxx-include-dir=/include/c++/4.0.0 --with-slibdir=/usr/lib --build=powerpc-apple-darwin8 --with-arch=nocona --with-tune=generic --program-prefix= --host=i686-apple-darwin8 --target=i686-apple-darwin8
Thread model: posix
gcc version 4.0.1 (Apple Computer, Inc. build 5363)
configure:3023: $? = 0
configure:3025: g++ -V </dev/null >&5
g++: argument to `-V' is missing
configure:3028: $? = 1
configure:3031: checking whether we are using the GNU C++ compiler
configure:3056: g++ -c -g  conftest.cc >&5
configure:3059: $? = 0
configure:3062: test -s conftest.o
configure:3065: $? = 0
configure:3078: result: yes
configure:3084: checking whether g++ accepts -g
configure:3106: g++ -c -g  conftest.cc >&5
configure:3109: $? = 0
configure:3112: test -s conftest.o
configure:3115: $? = 0
configure:3126: result: yes
configure:3169: g++ -c -g  conftest.cc >&5
configure:3172: $? = 0
configure:3175: test -s conftest.o
configure:3178: $? = 0
configure:3205: g++ -c -g  conftest.cc >&5
configure: In function 'int main()':
configure:3202: error: 'exit' was not declared in this scope
configure:3208: $? = 1
configure: failed program was:
| #line 3188 "configure"
| /* confdefs.h.  */
| 
| #define PACKAGE_NAME ""
| #define PACKAGE_TARNAME ""
| #define PACKAGE_VERSION ""
| #define PACKAGE_STRING ""
| #define PACKAGE_BUGREPORT ""
| #define PACKAGE "mapbuddy"
| #define VERSION "1.0.0"
| /* end confdefs.h.  */
| 
| int
| main ()
| {
| exit (42);
|   ;
|   return 0;
| }
configure:3169: g++ -c -g  conftest.cc >&5
/usr/include/stdlib.h:158: error: declaration of 'void std::exit(int)' throws different exceptions
configure:3161: error: than previous declaration 'void std::exit(int) throw ()'
configure:3172: $? = 1
configure: failed program was:
| #line 3151 "configure"
| /* confdefs.h.  */
| 
| #define PACKAGE_NAME ""
| #define PACKAGE_TARNAME ""
| #define PACKAGE_VERSION ""
| #define PACKAGE_STRING ""
| #define PACKAGE_BUGREPORT ""
| #define PACKAGE "mapbuddy"
| #define VERSION "1.0.0"
| /* end confdefs.h.  */
| extern "C" void std::exit (int) throw (); using std::exit;
| #include <stdlib.h>
| int
| main ()
| {
| exit (42);
|   ;
|   return 0;
| }
configure:3169: g++ -c -g  conftest.cc >&5
configure:3172: $? = 0
configure:3175: test -s conftest.o
configure:3178: $? = 0
configure:3205: g++ -c -g  conftest.cc >&5
configure:3208: $? = 0
configure:3211: test -s conftest.o
configure:3214: $? = 0
configure:3239: checking dependency style of g++
configure:3322: result: gcc3
configure:3341: checking for strerror in -lcposix
configure:3372: gcc -o conftest -g -O2   conftest.c -lcposix   >&5
/usr/bin/ld: can't locate file for: -lcposix
collect2: ld returned 1 exit status
configure:3375: $? = 1
configure: failed program was:
| #line 3348 "configure"
| /* confdefs.h.  */
| 
| #define PACKAGE_NAME ""
| #define PACKAGE_TARNAME ""
| #define PACKAGE_VERSION ""
| #define PACKAGE_STRING ""
| #define PACKAGE_BUGREPORT ""
| #define PACKAGE "mapbuddy"
| #define VERSION "1.0.0"
| #ifdef __cplusplus
| extern "C" void std::exit (int); using std::exit;
| #endif
| /* end confdefs.h.  */
| 
| /* Override any gcc2 internal prototype to avoid an error.  */
| #ifdef __cplusplus
| extern "C"
| #endif
| /* We use char because int might match the return type of a gcc2
|    builtin and then its argument prototype would still apply.  */
| char strerror ();
| int
| main ()
| {
| strerror ();
|   ;
|   return 0;
| }
configure:3393: result: no
configure:3405: checking for bison
configure:3421: found /usr/bin/bison
configure:3431: result: bison -y
configure:3446: checking for flex
configure:3462: found /usr/bin/flex
configure:3472: result: flex
configure:3485: checking for yywrap in -lfl
configure:3516: gcc -o conftest -g -O2   conftest.c -lfl   >&5
configure:3519: $? = 0
configure:3522: test -s conftest
configure:3525: $? = 0
configure:3537: result: yes
configure:3605: checking lex output file root
configure:3616: flex conftest.l
configure:3619: $? = 0
configure:3631: result: lex.yy
configure:3636: checking whether yytext is a pointer
configure:3652: gcc -o conftest -g -O2   conftest.c  -lfl >&5
configure:3655: $? = 0
configure:3658: test -s conftest
configure:3661: $? = 0
configure:3674: result: yes
configure:3766: checking build system type
configure:3784: result: i386-apple-darwin8.11.1
configure:3792: checking host system type
configure:3806: result: i386-apple-darwin8.11.1
configure:3814: checking for a sed that does not truncate output
configure:3868: result: /usr/bin/sed
configure:3871: checking for egrep
configure:3881: result: grep -E
configure:3897: checking for ld used by gcc
configure:3964: result: /usr/bin/ld
configure:3973: checking if the linker (/usr/bin/ld) is GNU ld
configure:3988: result: no
configure:3993: checking for /usr/bin/ld option to reload object files
configure:4000: result: -r
configure:4009: checking for BSD-compatible nm
configure:4051: result: /usr/bin/nm -p
configure:4055: checking whether ln -s works
configure:4059: result: yes
configure:4066: checking how to recognise dependent libraries
configure:4240: result: pass_all
configure:4443: checking how to run the C preprocessor
configure:4479: gcc -E  conftest.c
configure:4485: $? = 0
configure:4517: gcc -E  conftest.c
configure:4522:28: error: ac_nonexistent.h: No such file or directory
configure:4523: $? = 1
configure: failed program was:
| #line 4508 "configure"
| /* confdefs.h.  */
| 
| #define PACKAGE_NAME ""
| #define PACKAGE_TARNAME ""
| #define PACKAGE_VERSION ""
| #define PACKAGE_STRING ""
| #define PACKAGE_BUGREPORT ""
| #define PACKAGE "mapbuddy"
| #define VERSION "1.0.0"
| #ifdef __cplusplus
| extern "C" void std::exit (int); using std::exit;
| #endif
| #define YYTEXT_POINTER 1
| /* end confdefs.h.  */
| #include <ac_nonexistent.h>
configure:4561: result: gcc -E
configure:4586: gcc -E  conftest.c
configure:4592: $? = 0
configure:4624: gcc -E  conftest.c
configure:4629:28: error: ac_nonexistent.h: No such file or directory
configure:4630: $? = 1
configure: failed program was:
| #line 4615 "configure"
| /* confdefs.h.  */
| 
| #define PACKAGE_NAME ""
| #define PACKAGE_TARNAME ""
| #define PACKAGE_VERSION ""
| #define PACKAGE_STRING ""
| #define PACKAGE_BUGREPORT ""
| #define PACKAGE "mapbuddy"
| #define VERSION "1.0.0"
| #ifdef __cplusplus
| extern "C" void std::exit (int); using std::exit;
| #endif
| #define YYTEXT_POINTER 1
| /* end confdefs.h.  */
| #include <ac_nonexistent.h>
configure:4673: checking for ANSI C header files
configure:4699: gcc -c -g -O2  conftest.c >&5
configure:4702: $? = 0
configure:4705: test -s conftest.o
configure:4708: $? = 0
configure:4797: gcc -o conftest -g -O2   conftest.c  >&5
configure: In function 'main':
configure:4799: warning: incompatible implicit declaration of built-in function 'exit'
configure:4800: $? = 0
configure:4802: ./conftest
configure:4805: $? = 0
configure:4820: result: yes
configure:4844: checking for sys/types.h
configure:4861: gcc -c -g -O2  conftest.c >&5
configure:4864: $? = 0
configure:4867: test -s conftest.o
configure:4870: $? = 0
configure:4881: result: yes
configure:4844: checking for sys/stat.h
configure:4861: gcc -c -g -O2  conftest.c >&5
configure:4864: $? = 0
configure:4867: test -s conftest.o
configure:4870: $? = 0
configure:4881: result: yes
configure:4844: checking for stdlib.h
configure:4861: gcc -c -g -O2  conftest.c >&5
configure:4864: $? = 0
configure:4867: test -s conftest.o
configure:4870: $? = 0
configure:4881: result: yes
configure:4844: checking for string.h
configure:4861: gcc -c -g -O2  conftest.c >&5
configure:4864: $? = 0
configure:4867: test -s conftest.o
configure:4870: $? = 0
configure:4881: result: yes
configure:4844: checking for memory.h
configure:4861: gcc -c -g -O2  conftest.c >&5
configure:4864: $? = 0
configure:4867: test -s conftest.o
configure:4870: $? = 0
configure:4881: result: yes
configure:4844: checking for strings.h
configure:4861: gcc -c -g -O2  conftest.c >&5
configure:4864: $? = 0
configure:4867: test -s conftest.o
configure:4870: $? = 0
configure:4881: result: yes
configure:4844: checking for inttypes.h
configure:4861: gcc -c -g -O2  conftest.c >&5
configure:4864: $? = 0
configure:4867: test -s conftest.o
configure:4870: $? = 0
configure:4881: result: yes
configure:4844: checking for stdint.h
configure:4861: gcc -c -g -O2  conftest.c >&5
configure:4864: $? = 0
configure:4867: test -s conftest.o
configure:4870: $? = 0
configure:4881: result: yes
configure:4844: checking for unistd.h
configure:4861: gcc -c -g -O2  conftest.c >&5
configure:4864: $? = 0
configure:4867: test -s conftest.o
configure:4870: $? = 0
configure:4881: result: yes
configure:4907: checking dlfcn.h usability
configure:4920: gcc -c -g -O2  conftest.c >&5
configure:4923: $? = 0
configure:4926: test -s conftest.o
configure:4929: $? = 0
configure:4939: result: yes
configure:4943: checking dlfcn.h presence
configure:4954: gcc -E  conftest.c
configure:4960: $? = 0
configure:4979: result: yes
configure:5015: checking for dlfcn.h
configure:5022: result: yes
configure:5040: checking how to run the C++ preprocessor
configure:5072: g++ -E  conftest.cc
configure:5078: $? = 0
configure:5110: g++ -E  conftest.cc
configure:5126:28: error: ac_nonexistent.h: No such file or directory
configure:5116: $? = 1
configure: failed program was:
| #line 5101 "configure"
| /* confdefs.h.  */
| 
| #define PACKAGE_NAME ""
| #define PACKAGE_TARNAME ""
| #define PACKAGE_VERSION ""
| #define PACKAGE_STRING ""
| #define PACKAGE_BUGREPORT ""
| #define PACKAGE "mapbuddy"
| #define VERSION "1.0.0"
| #ifdef __cplusplus
| extern "C" void std::exit (int); using std::exit;
| #endif
| #define YYTEXT_POINTER 1
| #define STDC_HEADERS 1
| #define HAVE_SYS_TYPES_H 1
| #define HAVE_SYS_STAT_H 1
| #define HAVE_STDLIB_H 1
| #define HAVE_STRING_H 1
| #define HAVE_MEMORY_H 1
| #define HAVE_STRINGS_H 1
| #define HAVE_INTTYPES_H 1
| #define HAVE_STDINT_H 1
| #define HAVE_UNISTD_H 1
| #define HAVE_DLFCN_H 1
| /* end confdefs.h.  */
| #include <ac_nonexistent.h>
configure:5154: result: g++ -E
configure:5179: g++ -E  conftest.cc
configure:5185: $? = 0
configure:5217: g++ -E  conftest.cc
configure:5233:28: error: ac_nonexistent.h: No such file or directory
configure:5223: $? = 1
configure: failed program was:
| #line 5208 "configure"
| /* confdefs.h.  */
| 
| #define PACKAGE_NAME ""
| #define PACKAGE_TARNAME ""
| #define PACKAGE_VERSION ""
| #define PACKAGE_STRING ""
| #define PACKAGE_BUGREPORT ""
| #define PACKAGE "mapbuddy"
| #define VERSION "1.0.0"
| #ifdef __cplusplus
| extern "C" void std::exit (int); using std::exit;
| #endif
| #define YYTEXT_POINTER 1
| #define STDC_HEADERS 1
| #define HAVE_SYS_TYPES_H 1
| #define HAVE_SYS_STAT_H 1
| #define HAVE_STDLIB_H 1
| #define HAVE_STRING_H 1
| #define HAVE_MEMORY_H 1
| #define HAVE_STRINGS_H 1
| #define HAVE_INTTYPES_H 1
| #define HAVE_STDINT_H 1
| #define HAVE_UNISTD_H 1
| #define HAVE_DLFCN_H 1
| /* end confdefs.h.  */
| #include <ac_nonexistent.h>
configure:5317: checking for g77
configure:5346: result: no
configure:5317: checking for f77
configure:5346: result: no
configure:5317: checking for xlf
configure:5346: result: no
configure:5317: checking for frt
configure:5346: result: no
configure:5317: checking for pgf77
configure:5346: result: no
configure:5317: checking for fl32
configure:5346: result: no
configure:5317: checking for af77
configure:5346: result: no
configure:5317: checking for fort77
configure:5346: result: no
configure:5317: checking for f90
configure:5346: result: no
configure:5317: checking for xlf90
configure:5346: result: no
configure:5317: checking for pgf90
configure:5346: result: no
configure:5317: checking for epcf90
configure:5346: result: no
configure:5317: checking for f95
configure:5346: result: no
configure:5317: checking for fort
configure:5346: result: no
configure:5317: checking for xlf95
configure:5346: result: no
configure:5317: checking for lf95
configure:5346: result: no
configure:5317: checking for g95
configure:5346: result: no
configure:5361: checking for Fortran 77 compiler version
configure:5361:  --version </dev/null >&5
./configure: line 1: --version: command not found
configure:5364: $? = 127
configure:5366:  -v </dev/null >&5
./configure: line 1: -v: command not found
configure:5369: $? = 127
configure:5371:  -V </dev/null >&5
./configure: line 1: -V: command not found
configure:5374: $? = 127
configure:5381: checking whether we are using the GNU Fortran 77 compiler
configure:5395:  -c  conftest.F >&5
./configure: line 1: -c: command not found
configure:5398: $? = 127
configure: failed program was:
|       program main
| #ifndef __GNUC__
|        choke me
| #endif
| 
|       end
configure:5417: result: no
configure:5424: checking whether  accepts -g
configure:5436:  -c -g conftest.f >&5
./configure: line 1: -c: command not found
configure:5439: $? = 127
configure: failed program was:
|       program main
| 
|       end
configure:5457: result: no
configure:5485: checking the maximum length of command line arguments
configure:5550: result: 65536
configure:5561: checking command to parse /usr/bin/nm -p output from gcc object
configure:5650: gcc -c -g -O2  conftest.c >&5
configure:5653: $? = 0
configure:5657: /usr/bin/nm -p conftest.o \| sed -n -e 's/^.*[ 	]\([BCDEGRST][BCDEGRST]*\)[ 	][ 	]*\(\)\([_A-Za-z][_A-Za-z0-9]*\)$/\1 \2\3 \3/p' \> conftest.nm
configure:5660: $? = 0
cannot find nm_test_var in conftest.nm
configure:5650: gcc -c -g -O2  conftest.c >&5
configure:5653: $? = 0
configure:5657: /usr/bin/nm -p conftest.o \| sed -n -e 's/^.*[ 	]\([BCDEGRST][BCDEGRST]*\)[ 	][ 	]*\(_\)\([_A-Za-z][_A-Za-z0-9]*\)$/\1 \2\3 \3/p' \> conftest.nm
configure:5660: $? = 0
configure:5712: gcc -o conftest -g -O2   conftest.c conftstm.o >&5
configure:5715: $? = 0
configure:5753: result: ok
configure:5757: checking for objdir
configure:5772: result: .libs
configure:5862: checking for ar
configure:5878: found /usr/bin/ar
configure:5889: result: ar
configure:5942: checking for ranlib
configure:5958: found /usr/bin/ranlib
configure:5969: result: ranlib
configure:6022: checking for strip
configure:6038: found /usr/bin/strip
configure:6049: result: strip
configure:6311: checking if gcc static flag  works
configure:6334: result: yes
configure:6352: checking if gcc supports -fno-rtti -fno-exceptions
configure:6373: gcc -c -g -O2  -fno-rtti -fno-exceptions conftest.c >&5
cc1: warning: command line option "-fno-rtti" is valid for C++/ObjC++ but not for C
configure:6377: $? = 0
configure:6385: result: no
configure:6400: checking for gcc option to produce PIC
configure:6577: result: -fno-common
configure:6585: checking if gcc PIC flag -fno-common works
configure:6606: gcc -c -g -O2  -fno-common -DPIC conftest.c >&5
configure:6610: $? = 0
configure:6618: result: yes
configure:6642: checking if gcc supports -c -o file.o
configure:6673: gcc -c -g -O2  -o out/conftest2.o conftest.c >&5
configure:6677: $? = 0
configure:6694: result: yes
configure:6720: checking whether the gcc linker (/usr/bin/ld) supports shared libraries
configure:7548: result: yes
configure:7619: checking dynamic linker characteristics
configure:8159: result: darwin8.11.1 dyld
configure:8163: checking how to hardcode library paths into programs
configure:8188: result: immediate
configure:8202: checking whether stripping libraries is possible
configure:8215: result: yes
configure:8951: checking if libtool supports shared libraries
configure:8953: result: yes
configure:8956: checking whether to build shared libraries
configure:9014: result: yes
configure:9017: checking whether to build static libraries
configure:9021: result: yes
configure:9113: creating libtool
configure:9660: checking for ld used by g++
configure:9727: result: /usr/bin/ld
configure:9736: checking if the linker (/usr/bin/ld) is GNU ld
configure:9751: result: no
configure:9802: checking whether the g++ linker (/usr/bin/ld) supports shared libraries
configure:10610: result: yes
configure:10628: g++ -c -g  conftest.cc >&5
configure:10631: $? = 0
configure:10727: checking for g++ option to produce PIC
configure:10979: result: -fno-common
configure:10987: checking if g++ PIC flag -fno-common works
configure:11008: g++ -c -g  -fno-common -DPIC conftest.cc >&5
configure:11012: $? = 0
configure:11020: result: yes
configure:11044: checking if g++ supports -c -o file.o
configure:11075: g++ -c -g  -o out/conftest2.o conftest.cc >&5
configure:11079: $? = 0
configure:11096: result: yes
configure:11122: checking whether the g++ linker (/usr/bin/ld) supports shared libraries
configure:11147: result: yes
configure:11218: checking dynamic linker characteristics
configure:11758: result: darwin8.11.1 dyld
configure:11762: checking how to hardcode library paths into programs
configure:11787: result: immediate
configure:11801: checking whether stripping libraries is possible
configure:11814: result: yes
configure:18863: checking for CGAL
configure:18872: checking for 
configure:18887: result: no

## ---------------- ##
## Cache variables. ##
## ---------------- ##

ac_cv_build=i386-apple-darwin8.11.1
ac_cv_build_alias=i386-apple-darwin8.11.1
ac_cv_c_compiler_gnu=yes
ac_cv_cxx_compiler_gnu=yes
ac_cv_env_CC_set=
ac_cv_env_CC_value=
ac_cv_env_CFLAGS_set=
ac_cv_env_CFLAGS_value=
ac_cv_env_CPPFLAGS_set=
ac_cv_env_CPPFLAGS_value=
ac_cv_env_CPP_set=
ac_cv_env_CPP_value=
ac_cv_env_CXXCPP_set=
ac_cv_env_CXXCPP_value=
ac_cv_env_CXXFLAGS_set=
ac_cv_env_CXXFLAGS_value=
ac_cv_env_CXX_set=
ac_cv_env_CXX_value=
ac_cv_env_F77_set=
ac_cv_env_F77_value=
ac_cv_env_FFLAGS_set=
ac_cv_env_FFLAGS_value=
ac_cv_env_LDFLAGS_set=
ac_cv_env_LDFLAGS_value=
ac_cv_env_build_alias_set=
ac_cv_env_build_alias_value=
ac_cv_env_host_alias_set=
ac_cv_env_host_alias_value=
ac_cv_env_target_alias_set=
ac_cv_env_target_alias_value=
ac_cv_exeext=
ac_cv_f77_compiler_gnu=no
ac_cv_file_=no
ac_cv_header_dlfcn_h=yes
ac_cv_header_inttypes_h=yes
ac_cv_header_memory_h=yes
ac_cv_header_stdc=yes
ac_cv_header_stdint_h=yes
ac_cv_header_stdlib_h=yes
ac_cv_header_string_h=yes
ac_cv_header_strings_h=yes
ac_cv_header_sys_stat_h=yes
ac_cv_header_sys_types_h=yes
ac_cv_header_unistd_h=yes
ac_cv_host=i386-apple-darwin8.11.1
ac_cv_host_alias=i386-apple-darwin8.11.1
ac_cv_lib_cposix_strerror=no
ac_cv_lib_fl_yywrap=yes
ac_cv_objext=o
ac_cv_path_install='/usr/bin/install -c'
ac_cv_prog_AWK=awk
ac_cv_prog_CPP='gcc -E'
ac_cv_prog_CXXCPP='g++ -E'
ac_cv_prog_LEX=flex
ac_cv_prog_YACC='bison -y'
ac_cv_prog_ac_ct_AR=ar
ac_cv_prog_ac_ct_CC=gcc
ac_cv_prog_ac_ct_CXX=g++
ac_cv_prog_ac_ct_RANLIB=ranlib
ac_cv_prog_ac_ct_STRIP=strip
ac_cv_prog_cc_g=yes
ac_cv_prog_cc_stdc=
ac_cv_prog_cxx_g=yes
ac_cv_prog_egrep='grep -E'
ac_cv_prog_f77_g=no
ac_cv_prog_lex_root=lex.yy
ac_cv_prog_lex_yytext_pointer=yes
ac_cv_prog_make_make_set=yes
am_cv_CC_dependencies_compiler_type=gcc3
am_cv_CXX_dependencies_compiler_type=gcc3
lt_cv_deplibs_check_method=pass_all
lt_cv_file_magic_cmd='$MAGIC_CMD'
lt_cv_file_magic_test_file=
lt_cv_ld_reload_flag=-r
lt_cv_objdir=.libs
lt_cv_path_LD=/usr/bin/ld
lt_cv_path_LDCXX=/usr/bin/ld
lt_cv_path_NM='/usr/bin/nm -p'
lt_cv_path_SED=/usr/bin/sed
lt_cv_prog_compiler_c_o=yes
lt_cv_prog_compiler_c_o_CXX=yes
lt_cv_prog_compiler_rtti_exceptions=no
lt_cv_prog_gnu_ld=no
lt_cv_prog_gnu_ldcxx=no
lt_cv_sys_global_symbol_pipe='sed -n -e '\''s/^.*[ 	]\([BCDEGRST][BCDEGRST]*\)[ 	][ 	]*\(_\)\([_A-Za-z][_A-Za-z0-9]*\)$/\1 \2\3 \3/p'\'''
lt_cv_sys_global_symbol_to_c_name_address='sed -n -e '\''s/^: \([^ ]*\) $/  {\"\1\", (lt_ptr) 0},/p'\'' -e '\''s/^[BCDEGRST] \([^ ]*\) \([^ ]*\)$/  {"\2", (lt_ptr) \&\2},/p'\'''
lt_cv_sys_global_symbol_to_cdecl='sed -n -e '\''s/^. .* \(.*\)$/extern int \1;/p'\'''
lt_cv_sys_max_cmd_len=65536
lt_lt_cv_prog_compiler_c_o='"yes"'
lt_lt_cv_prog_compiler_c_o_CXX='"yes"'
lt_lt_cv_sys_global_symbol_pipe='"sed -n -e '\''s/^.*[ 	]\\([BCDEGRST][BCDEGRST]*\\)[ 	][ 	]*\\(_\\)\\([_A-Za-z][_A-Za-z0-9]*\\)\$/\\1 \\2\\3 \\3/p'\''"'
lt_lt_cv_sys_global_symbol_to_c_name_address='"sed -n -e '\''s/^: \\([^ ]*\\) \$/  {\\\"\\1\\\", (lt_ptr) 0},/p'\'' -e '\''s/^[BCDEGRST] \\([^ ]*\\) \\([^ ]*\\)\$/  {\"\\2\", (lt_ptr) \\&\\2},/p'\''"'
lt_lt_cv_sys_global_symbol_to_cdecl='"sed -n -e '\''s/^. .* \\(.*\\)\$/extern int \\1;/p'\''"'

## ----------------- ##
## Output variables. ##
## ----------------- ##

ACLOCAL='aclocal-1.7'
ALLOCA=''
AMDEPBACKSLASH='\'
AMDEP_FALSE='#'
AMDEP_TRUE=''
AMTAR='tar'
AR='ar'
AUTOCONF='autoconf'
AUTOHEADER='autoheader'
AUTOMAKE='automake-1.7'
AWK='awk'
CC='gcc'
CCDEPMODE='depmode=gcc3'
CFLAGS='-g -O2'
CGAL_MAKEFILE=''
CLEANFILES='*~'
CPP='gcc -E'
CPPFLAGS=''
CXX='g++'
CXXCPP='g++ -E'
CXXDEPMODE='depmode=gcc3'
CXXFLAGS='-g'
CYGPATH_W='echo'
DEFS=''
DEPDIR='.deps'
ECHO='echo'
ECHO_C=''
ECHO_N='-n'
ECHO_T=''
EGREP='grep -E'
EXEEXT=''
F77=''
FFLAGS=''
INSTALL_DATA='${INSTALL} -m 644'
INSTALL_PROGRAM='${INSTALL}'
INSTALL_SCRIPT='${INSTALL}'
INSTALL_STRIP_PROGRAM='${SHELL} $(install_sh) -c -s'
LDFLAGS=''
LEX='flex'
LEXLIB='-lfl'
LEX_OUTPUT_ROOT='lex.yy'
LIBOBJS=''
LIBS=''
LIBTOOL='$(SHELL) $(top_builddir)/libtool'
LN_S='ln -s'
LTLIBOBJS=''
MAKEINFO='makeinfo'
OBJEXT='o'
PACKAGE='mapbuddy'
PACKAGE_BUGREPORT=''
PACKAGE_NAME=''
PACKAGE_STRING=''
PACKAGE_TARNAME=''
PACKAGE_VERSION=''
PATH_SEPARATOR=':'
RANLIB='ranlib'
SET_MAKE=''
SHELL='/bin/sh'
STRIP='strip'
VERSION='1.0.0'
YACC='bison -y'
ac_ct_AR='ar'
ac_ct_CC='gcc'
ac_ct_CXX='g++'
ac_ct_F77=''
ac_ct_RANLIB='ranlib'
ac_ct_STRIP='strip'
am__fastdepCC_FALSE='#'
am__fastdepCC_TRUE=''
am__fastdepCXX_FALSE='#'
am__fastdepCXX_TRUE=''
am__include='include'
am__leading_dot='.'
am__quote=''
bindir='${exec_prefix}/bin'
build='i386-apple-darwin8.11.1'
build_alias=''
build_cpu='i386'
build_os='darwin8.11.1'
build_vendor='apple'
datadir='${prefix}/share'
exec_prefix='NONE'
host='i386-apple-darwin8.11.1'
host_alias=''
host_cpu='i386'
host_os='darwin8.11.1'
host_vendor='apple'
includedir='${prefix}/include'
infodir='${prefix}/info'
install_sh='/Users/malfunct/Code/courses/mapbuddy/config/install-sh'
libdir='${exec_prefix}/lib'
libexecdir='${exec_prefix}/libexec'
localstatedir='${prefix}/var'
mandir='${prefix}/man'
oldincludedir='/usr/include'
prefix='NONE'
program_transform_name='s,x,x,'
sbindir='${exec_prefix}/sbin'
sharedstatedir='${prefix}/com'
sysconfdir='${prefix}/etc'
target_alias=''

## ----------- ##
## confdefs.h. ##
## ----------- ##

#define HAVE_DLFCN_H 1
#define HAVE_INTTYPES_H 1
#define HAVE_MEMORY_H 1
#define HAVE_STDINT_H 1
#define HAVE_STDLIB_H 1
#define HAVE_STRINGS_H 1
#define HAVE_STRING_H 1
#define HAVE_SYS_STAT_H 1
#define HAVE_SYS_TYPES_H 1
#define HAVE_UNISTD_H 1
#define PACKAGE "mapbuddy"
#define PACKAGE_BUGREPORT ""
#define PACKAGE_NAME ""
#define PACKAGE_STRING ""
#define PACKAGE_TARNAME ""
#define PACKAGE_VERSION ""
#define STDC_HEADERS 1
#define VERSION "1.0.0"
#define YYTEXT_POINTER 1
#endif
#ifdef __cplusplus
extern "C" void std::exit (int); using std::exit;

configure: exit 0
